<?xml version="1.0" encoding="UTF-8"?>
<!-- Generated by org.testng.reporters.JUnitXMLReporter -->
<testsuite hostname="DESKTOP-EHC392M" ignored="0" name="Test1" tests="1" failures="1" timestamp="2022-05-05T08:08:28 IST" time="57.236" errors="0">
  <testcase name="dragAndDrop" time="56.947" classname="TestScripts.DragAndDrop">
    <failure type="org.openqa.selenium.NoSuchElementException" message="An element could not be located on the page using the given search parameters. (WARNING: The server did not provide any stacktrace information)
Command duration or timeout: 256 milliseconds
For documentation on this error, please visit: http://seleniumhq.org/exceptions/no_such_element.html
Build info: version: &amp;apos;2.53.1&amp;apos;, revision: &amp;apos;a36b8b1cd5757287168e54b817830adce9b0158d&amp;apos;, time: &amp;apos;2016-06-30 19:26:09&amp;apos;
System info: host: &amp;apos;DESKTOP-EHC392M&amp;apos;, ip: &amp;apos;192.168.100.5&amp;apos;, os.name: &amp;apos;Windows 10&amp;apos;, os.arch: &amp;apos;amd64&amp;apos;, os.version: &amp;apos;10.0&amp;apos;, java.version: &amp;apos;1.8.0_291&amp;apos;
Driver info: io.appium.java_client.android.AndroidDriver
Capabilities [{appPackage=io.appium.android.apis, statBarHeight=83, noReset=true, viewportRect={top=83, left=0, width=1080, height=2135}, deviceName=RZ8M90WEFMD, fullReset=false, platform=LINUX, deviceUDID=RZ8M90WEFMD, desired={appPackage=io.appium.android.apis, appActivity=.ApiDemos, noReset=true, platformVersion=11, udid=RZ8M90WEFMD, platformName=Android, deviceName=Pulkit&amp;apos;s A50s, fullReset=false}, platformVersion=11, webStorageEnabled=false, takesScreenshot=true, javascriptEnabled=true, udid=RZ8M90WEFMD, platformName=Android, deviceApiLevel=30, deviceManufacturer=samsung, deviceScreenSize=1080x2340, networkConnectionEnabled=true, warnings={}, databaseEnabled=false, appActivity=.ApiDemos, pixelRatio=2.625, locationContextEnabled=false, deviceScreenDensity=420, deviceModel=SM-A507FN}]
Session ID: fe57c157-8473-4941-8d55-ca8d6c77b349
*** Element info: {Using=accessibility id, value=Drag and Drop}">
      <![CDATA[org.openqa.selenium.NoSuchElementException: An element could not be located on the page using the given search parameters. (WARNING: The server did not provide any stacktrace information)
Command duration or timeout: 256 milliseconds
For documentation on this error, please visit: http://seleniumhq.org/exceptions/no_such_element.html
Build info: version: '2.53.1', revision: 'a36b8b1cd5757287168e54b817830adce9b0158d', time: '2016-06-30 19:26:09'
System info: host: 'DESKTOP-EHC392M', ip: '192.168.100.5', os.name: 'Windows 10', os.arch: 'amd64', os.version: '10.0', java.version: '1.8.0_291'
Driver info: io.appium.java_client.android.AndroidDriver
Capabilities [{appPackage=io.appium.android.apis, statBarHeight=83, noReset=true, viewportRect={top=83, left=0, width=1080, height=2135}, deviceName=RZ8M90WEFMD, fullReset=false, platform=LINUX, deviceUDID=RZ8M90WEFMD, desired={appPackage=io.appium.android.apis, appActivity=.ApiDemos, noReset=true, platformVersion=11, udid=RZ8M90WEFMD, platformName=Android, deviceName=Pulkit's A50s, fullReset=false}, platformVersion=11, webStorageEnabled=false, takesScreenshot=true, javascriptEnabled=true, udid=RZ8M90WEFMD, platformName=Android, deviceApiLevel=30, deviceManufacturer=samsung, deviceScreenSize=1080x2340, networkConnectionEnabled=true, warnings={}, databaseEnabled=false, appActivity=.ApiDemos, pixelRatio=2.625, locationContextEnabled=false, deviceScreenDensity=420, deviceModel=SM-A507FN}]
Session ID: fe57c157-8473-4941-8d55-ca8d6c77b349
*** Element info: {Using=accessibility id, value=Drag and Drop}
at org.openqa.selenium.remote.ErrorHandler.createThrowable(ErrorHandler.java:206)
at org.openqa.selenium.remote.ErrorHandler.throwIfResponseFailed(ErrorHandler.java:158)
at org.openqa.selenium.remote.RemoteWebDriver.execute(RemoteWebDriver.java:678)
at io.appium.java_client.DefaultGenericMobileDriver.execute(DefaultGenericMobileDriver.java:40)
at io.appium.java_client.AppiumDriver.execute(AppiumDriver.java:1)
at io.appium.java_client.android.AndroidDriver.execute(AndroidDriver.java:1)
at org.openqa.selenium.remote.RemoteWebDriver.findElement(RemoteWebDriver.java:363)
at io.appium.java_client.DefaultGenericMobileDriver.findElement(DefaultGenericMobileDriver.java:56)
at io.appium.java_client.AppiumDriver.findElement(AppiumDriver.java:1)
at io.appium.java_client.android.AndroidDriver.findElement(AndroidDriver.java:1)
at io.appium.java_client.DefaultGenericMobileDriver.findElementByAccessibilityId(DefaultGenericMobileDriver.java:145)
at io.appium.java_client.AppiumDriver.findElementByAccessibilityId(AppiumDriver.java:1)
at io.appium.java_client.android.AndroidDriver.findElementByAccessibilityId(AndroidDriver.java:1)
at TestScripts.DragAndDrop.dragAndDrop(DragAndDrop.java:46)
at java.util.ArrayList.forEach(ArrayList.java:1259)
at java.util.concurrent.FutureTask.run(FutureTask.java:266)
at java.util.concurrent.ThreadPoolExecutor.runWorker(ThreadPoolExecutor.java:1149)
at java.util.concurrent.ThreadPoolExecutor$Worker.run(ThreadPoolExecutor.java:624)
at java.lang.Thread.run(Thread.java:748)
... Removed 22 stack frames]]>
    </failure>
  </testcase> <!-- dragAndDrop -->
</testsuite> <!-- Test1 -->
