<?xml version="1.0" encoding="UTF-8"?>
<testng-results skipped="0" failed="1" ignored="0" total="1" passed="0">
  <reporter-output>
  </reporter-output>
  <suite name="Default suite" duration-ms="18415" started-at="2022-07-20T09:39:35 IST" finished-at="2022-07-20T09:39:54 IST">
    <groups>
    </groups>
    <test name="Default test" duration-ms="18415" started-at="2022-07-20T09:39:35 IST" finished-at="2022-07-20T09:39:54 IST">
      <class name="TestScripts.RareRabbit">
        <test-method status="PASS" signature="startDataBaseConnection()[pri:0, instance:TestScripts.RareRabbit@971d0d8]" name="startDataBaseConnection" is-config="true" duration-ms="13" started-at="2022-07-20T09:39:35 IST" finished-at="2022-07-20T09:39:35 IST">
          <reporter-output>
          </reporter-output>
        </test-method> <!-- startDataBaseConnection -->
        <test-method status="PASS" signature="parallelExecution()[pri:0, instance:TestScripts.RareRabbit@971d0d8]" name="parallelExecution" is-config="true" duration-ms="1" started-at="2022-07-20T09:39:35 IST" finished-at="2022-07-20T09:39:35 IST">
          <reporter-output>
          </reporter-output>
        </test-method> <!-- parallelExecution -->
        <test-method status="PASS" signature="startServer()[pri:0, instance:TestScripts.RareRabbit@971d0d8]" name="startServer" is-config="true" duration-ms="0" started-at="2022-07-20T09:39:35 IST" finished-at="2022-07-20T09:39:35 IST">
          <reporter-output>
          </reporter-output>
        </test-method> <!-- startServer -->
        <test-method status="PASS" signature="launchApplication()[pri:0, instance:TestScripts.RareRabbit@971d0d8]" name="launchApplication" is-config="true" duration-ms="14043" started-at="2022-07-20T09:39:35 IST" finished-at="2022-07-20T09:39:49 IST">
          <reporter-output>
          </reporter-output>
        </test-method> <!-- launchApplication -->
        <test-method status="FAIL" signature="buyShirt()[pri:0, instance:TestScripts.RareRabbit@971d0d8]" name="buyShirt" duration-ms="4010" started-at="2022-07-20T09:39:49 IST" finished-at="2022-07-20T09:39:53 IST">
          <exception class="org.openqa.selenium.NoSuchElementException">
            <message>
              <![CDATA[Can't locate an element by this strategy: Locator map: 
- native content: "By.xpath: //android.widget.CheckedTextView[@resource-id="android:id/text1"]" 
- html content: "by id or name "storeRareRabbit""
For documentation on this error, please visit: http://seleniumhq.org/exceptions/no_such_element.html
Build info: version: '2.53.1', revision: 'a36b8b1cd5757287168e54b817830adce9b0158d', time: '2016-06-30 19:26:09'
System info: host: 'DESKTOP-EHC392M', ip: '192.168.100.4', os.name: 'Windows 10', os.arch: 'amd64', os.version: '10.0', java.version: '1.8.0_291'
Driver info: driver.version: unknown]]>
            </message>
            <full-stacktrace>
              <![CDATA[org.openqa.selenium.NoSuchElementException: Can't locate an element by this strategy: Locator map: 
- native content: "By.xpath: //android.widget.CheckedTextView[@resource-id="android:id/text1"]" 
- html content: "by id or name "storeRareRabbit""
For documentation on this error, please visit: http://seleniumhq.org/exceptions/no_such_element.html
Build info: version: '2.53.1', revision: 'a36b8b1cd5757287168e54b817830adce9b0158d', time: '2016-06-30 19:26:09'
System info: host: 'DESKTOP-EHC392M', ip: '192.168.100.4', os.name: 'Windows 10', os.arch: 'amd64', os.version: '10.0', java.version: '1.8.0_291'
Driver info: driver.version: unknown
at io.appium.java_client.pagefactory.AppiumElementLocator.findElement(AppiumElementLocator.java:110)
at io.appium.java_client.pagefactory.interceptors.InterceptorOfASingleElement.intercept(InterceptorOfASingleElement.java:57)
at io.appium.java_client.android.AndroidElement$$EnhancerByCGLIB$$c0b591f0.click(<generated>)
at pomRepository.LoginTheHouseOfRare.LoginAction(LoginTheHouseOfRare.java:62)
at TestScripts.RareRabbit.buyShirt(RareRabbit.java:13)
at sun.reflect.NativeMethodAccessorImpl.invoke0(Native Method)
at sun.reflect.NativeMethodAccessorImpl.invoke(NativeMethodAccessorImpl.java:62)
at sun.reflect.DelegatingMethodAccessorImpl.invoke(DelegatingMethodAccessorImpl.java:43)
at java.lang.reflect.Method.invoke(Method.java:498)
at org.testng.internal.MethodInvocationHelper.invokeMethod(MethodInvocationHelper.java:133)
at org.testng.internal.TestInvoker.invokeMethod(TestInvoker.java:598)
at org.testng.internal.TestInvoker.invokeTestMethod(TestInvoker.java:173)
at org.testng.internal.MethodRunner.runInSequence(MethodRunner.java:46)
at org.testng.internal.TestInvoker$MethodInvocationAgent.invoke(TestInvoker.java:824)
at org.testng.internal.TestInvoker.invokeTestMethods(TestInvoker.java:146)
at org.testng.internal.TestMethodWorker.invokeTestMethods(TestMethodWorker.java:146)
at org.testng.internal.TestMethodWorker.run(TestMethodWorker.java:128)
at java.util.ArrayList.forEach(ArrayList.java:1259)
at org.testng.TestRunner.privateRun(TestRunner.java:794)
at org.testng.TestRunner.run(TestRunner.java:596)
at org.testng.SuiteRunner.runTest(SuiteRunner.java:377)
at org.testng.SuiteRunner.runSequentially(SuiteRunner.java:371)
at org.testng.SuiteRunner.privateRun(SuiteRunner.java:332)
at org.testng.SuiteRunner.run(SuiteRunner.java:276)
at org.testng.SuiteRunnerWorker.runSuite(SuiteRunnerWorker.java:53)
at org.testng.SuiteRunnerWorker.run(SuiteRunnerWorker.java:96)
at org.testng.TestNG.runSuitesSequentially(TestNG.java:1212)
at org.testng.TestNG.runSuitesLocally(TestNG.java:1134)
at org.testng.TestNG.runSuites(TestNG.java:1063)
at org.testng.TestNG.run(TestNG.java:1031)
at org.testng.remote.AbstractRemoteTestNG.run(AbstractRemoteTestNG.java:115)
at org.testng.remote.RemoteTestNG.initAndRun(RemoteTestNG.java:251)
at org.testng.remote.RemoteTestNG.main(RemoteTestNG.java:77)
]]>
            </full-stacktrace>
          </exception> <!-- org.openqa.selenium.NoSuchElementException -->
          <reporter-output>
          </reporter-output>
        </test-method> <!-- buyShirt -->
        <test-method status="PASS" signature="closeApplication()[pri:0, instance:TestScripts.RareRabbit@971d0d8]" name="closeApplication" is-config="true" duration-ms="192" started-at="2022-07-20T09:39:53 IST" finished-at="2022-07-20T09:39:54 IST">
          <reporter-output>
          </reporter-output>
        </test-method> <!-- closeApplication -->
        <test-method status="PASS" signature="stopServer()[pri:0, instance:TestScripts.RareRabbit@971d0d8]" name="stopServer" is-config="true" duration-ms="1" started-at="2022-07-20T09:39:54 IST" finished-at="2022-07-20T09:39:54 IST">
          <reporter-output>
          </reporter-output>
        </test-method> <!-- stopServer -->
        <test-method status="PASS" signature="stopParallelExecution()[pri:0, instance:TestScripts.RareRabbit@971d0d8]" name="stopParallelExecution" is-config="true" duration-ms="1" started-at="2022-07-20T09:39:54 IST" finished-at="2022-07-20T09:39:54 IST">
          <reporter-output>
          </reporter-output>
        </test-method> <!-- stopParallelExecution -->
        <test-method status="PASS" signature="stopDataBaseConnection()[pri:0, instance:TestScripts.RareRabbit@971d0d8]" name="stopDataBaseConnection" is-config="true" duration-ms="1" started-at="2022-07-20T09:39:54 IST" finished-at="2022-07-20T09:39:54 IST">
          <reporter-output>
          </reporter-output>
        </test-method> <!-- stopDataBaseConnection -->
      </class> <!-- TestScripts.RareRabbit -->
    </test> <!-- Default test -->
  </suite> <!-- Default suite -->
</testng-results>
